  The vcpkg manifest was disabled, but we found a manifest file in C:\Users\andra\source\repos\ProjectOpenGL\. You may want to enable vcpkg manifests in your properties page or pass /p:VcpkgEnableManifest=true to the msbuild invocation.
  main.cpp
C:\Users\andra\source\repos\ProjectOpenGL\ProjectOpenGL\main.cpp(5,9): warning C4005: 'GLEW_STATIC': macro redefinition
      C:\Users\andra\source\repos\ProjectOpenGL\ProjectOpenGL\main.cpp(5,9):
      'GLEW_STATIC' previously declared on the command line
  
C:\Program Files (x86)\Windows Kits\10\Include\10.0.22621.0\shared\minwindef.h(130,9): warning C4005: 'APIENTRY': macro redefinition
  (compiling source file 'main.cpp')
      C:\Users\andra\Documents\an3\gp\OpenGL dev libs\include\GLFW\glfw3.h(123,11):
      see previous definition of 'APIENTRY'
  
C:\Users\andra\source\repos\ProjectOpenGL\ProjectOpenGL\main.cpp(26,19): warning C4244: 'initializing': conversion from 'float' to 'int', possible loss of data
C:\Users\andra\source\repos\ProjectOpenGL\ProjectOpenGL\main.cpp(27,20): warning C4244: 'initializing': conversion from 'float' to 'int', possible loss of data
C:\Users\andra\source\repos\ProjectOpenGL\ProjectOpenGL\main.cpp(985,32): warning C4244: '=': conversion from 'double' to 'float', possible loss of data
C:\Users\andra\source\repos\ProjectOpenGL\ProjectOpenGL\main.cpp(991,25): warning C4244: '=': conversion from 'double' to 'float', possible loss of data
LINK : warning LNK4098: defaultlib 'MSVCRTD' conflicts with use of other libs; use /NODEFAULTLIB:library
  Generating code
  0 of 1951 functions ( 0.0%) were compiled, the rest were copied from previous compilation.
    0 functions were new in current compilation
    0 functions had inline decision re-evaluated but remain unchanged
  Finished generating code
  ProjectOpenGL.vcxproj -> C:\Users\andra\source\repos\ProjectOpenGL\x64\Release\ProjectOpenGL.exe
  'pwsh.exe' is not recognized as an internal or external command,
  operable program or batch file.
