c:\users\andra\source\repos\projectopengl\projectopengl\x64\debug\vc143.pdb
c:\users\andra\source\repos\projectopengl\projectopengl\x64\debug\vc143.idb
c:\users\andra\source\repos\projectopengl\projectopengl\x64\debug\tiny_obj_loader.obj
c:\users\andra\source\repos\projectopengl\projectopengl\x64\debug\stb_image.obj
c:\users\andra\source\repos\projectopengl\projectopengl\x64\debug\skybox.obj
c:\users\andra\source\repos\projectopengl\projectopengl\x64\debug\shader.obj
c:\users\andra\source\repos\projectopengl\projectopengl\x64\debug\rain.obj
c:\users\andra\source\repos\projectopengl\projectopengl\x64\debug\modelloader.obj
c:\users\andra\source\repos\projectopengl\projectopengl\x64\debug\model3d.obj
c:\users\andra\source\repos\projectopengl\projectopengl\x64\debug\mesh.obj
c:\users\andra\source\repos\projectopengl\projectopengl\x64\debug\main.obj
c:\users\andra\source\repos\projectopengl\projectopengl\x64\debug\camera.obj
c:\users\andra\source\repos\projectopengl\x64\debug\projectopengl.pdb
c:\users\andra\source\repos\projectopengl\projectopengl\x64\debug\projectopengl.tlog\cl.command.1.tlog
c:\users\andra\source\repos\projectopengl\projectopengl\x64\debug\projectopengl.tlog\cl.read.1.tlog
c:\users\andra\source\repos\projectopengl\projectopengl\x64\debug\projectopengl.tlog\cl.write.1.tlog
c:\users\andra\source\repos\projectopengl\projectopengl\x64\debug\projectopengl.tlog\link-cvtres.read.1.tlog
c:\users\andra\source\repos\projectopengl\projectopengl\x64\debug\projectopengl.tlog\link-cvtres.write.1.tlog
c:\users\andra\source\repos\projectopengl\projectopengl\x64\debug\projectopengl.tlog\link-rc.read.1.tlog
c:\users\andra\source\repos\projectopengl\projectopengl\x64\debug\projectopengl.tlog\link-rc.write.1.tlog
c:\users\andra\source\repos\projectopengl\projectopengl\x64\debug\projectopengl.tlog\link.command.1.tlog
c:\users\andra\source\repos\projectopengl\projectopengl\x64\debug\projectopengl.tlog\link.read.1.tlog
c:\users\andra\source\repos\projectopengl\projectopengl\x64\debug\projectopengl.tlog\link.read.2.tlog
c:\users\andra\source\repos\projectopengl\projectopengl\x64\debug\projectopengl.tlog\link.read.3.tlog
c:\users\andra\source\repos\projectopengl\projectopengl\x64\debug\projectopengl.tlog\link.read.4.tlog
c:\users\andra\source\repos\projectopengl\projectopengl\x64\debug\projectopengl.tlog\link.read.5.tlog
c:\users\andra\source\repos\projectopengl\projectopengl\x64\debug\projectopengl.tlog\link.write.1.tlog
